[     114ms] [INFO] %cDownload the React DevTools for a better development experience: https://react.dev/link/react-devtools font-weight:bold @ http://localhost:3000/_next/static/chunks/5dbe0_next_dist_0e79b990._.js:2297
[     130ms] [LOG] [HMR] connected @ http://localhost:3000/_next/static/chunks/5dbe0_next_dist_0e79b990._.js:2297
[  138320ms] [ERROR] WebSocket connection to 'ws://localhost:3000/_next/webpack-hmr?id=pf8xnQF9t8YyFd-ks9FwI' failed: Error in connection establishment: net::ERR_CONNECTION_REFUSED @ http://localhost:3000/_next/static/chunks/5dbe0_next_dist_client_a40a8acf._.js:10878
[  139321ms] [ERROR] WebSocket connection to 'ws://localhost:3000/_next/webpack-hmr?id=pf8xnQF9t8YyFd-ks9FwI' failed: Error in connection establishment: net::ERR_CONNECTION_REFUSED @ http://localhost:3000/_next/static/chunks/5dbe0_next_dist_client_a40a8acf._.js:10878
[  140323ms] [ERROR] WebSocket connection to 'ws://localhost:3000/_next/webpack-hmr?id=pf8xnQF9t8YyFd-ks9FwI' failed: Error in connection establishment: net::ERR_CONNECTION_REFUSED @ http://localhost:3000/_next/static/chunks/5dbe0_next_dist_client_a40a8acf._.js:10878
[  141325ms] [ERROR] WebSocket connection to 'ws://localhost:3000/_next/webpack-hmr?id=pf8xnQF9t8YyFd-ks9FwI' failed: Error in connection establishment: net::ERR_CONNECTION_REFUSED @ http://localhost:3000/_next/static/chunks/5dbe0_next_dist_client_a40a8acf._.js:10878
[  142328ms] [ERROR] WebSocket connection to 'ws://localhost:3000/_next/webpack-hmr?id=pf8xnQF9t8YyFd-ks9FwI' failed: Error in connection establishment: net::ERR_CONNECTION_REFUSED @ http://localhost:3000/_next/static/chunks/5dbe0_next_dist_client_a40a8acf._.js:10878
[  147338ms] [ERROR] WebSocket connection to 'ws://localhost:3000/_next/webpack-hmr?id=pf8xnQF9t8YyFd-ks9FwI' failed: Error in connection establishment: net::ERR_CONNECTION_REFUSED @ http://localhost:3000/_next/static/chunks/5dbe0_next_dist_client_a40a8acf._.js:10878
[  152341ms] [ERROR] WebSocket connection to 'ws://localhost:3000/_next/webpack-hmr?id=pf8xnQF9t8YyFd-ks9FwI' failed: Error in connection establishment: net::ERR_CONNECTION_REFUSED @ http://localhost:3000/_next/static/chunks/5dbe0_next_dist_client_a40a8acf._.js:10878
[  157343ms] [ERROR] WebSocket connection to 'ws://localhost:3000/_next/webpack-hmr?id=pf8xnQF9t8YyFd-ks9FwI' failed: Error in connection establishment: net::ERR_CONNECTION_REFUSED @ http://localhost:3000/_next/static/chunks/5dbe0_next_dist_client_a40a8acf._.js:10878
[  162346ms] [ERROR] WebSocket connection to 'ws://localhost:3000/_next/webpack-hmr?id=pf8xnQF9t8YyFd-ks9FwI' failed: Error in connection establishment: net::ERR_CONNECTION_REFUSED @ http://localhost:3000/_next/static/chunks/5dbe0_next_dist_client_a40a8acf._.js:10878
[  167349ms] [ERROR] WebSocket connection to 'ws://localhost:3000/_next/webpack-hmr?id=pf8xnQF9t8YyFd-ks9FwI' failed: Error in connection establishment: net::ERR_CONNECTION_REFUSED @ http://localhost:3000/_next/static/chunks/5dbe0_next_dist_client_a40a8acf._.js:10878
[  172353ms] [ERROR] WebSocket connection to 'ws://localhost:3000/_next/webpack-hmr?id=pf8xnQF9t8YyFd-ks9FwI' failed: Error in connection establishment: net::ERR_CONNECTION_REFUSED @ http://localhost:3000/_next/static/chunks/5dbe0_next_dist_client_a40a8acf._.js:10878
[  177356ms] [ERROR] WebSocket connection to 'ws://localhost:3000/_next/webpack-hmr?id=pf8xnQF9t8YyFd-ks9FwI' failed: Error in connection establishment: net::ERR_CONNECTION_REFUSED @ http://localhost:3000/_next/static/chunks/5dbe0_next_dist_client_a40a8acf._.js:10878
[  273948ms] [INFO] %cDownload the React DevTools for a better development experience: https://react.dev/link/react-devtools font-weight:bold @ http://localhost:3000/_next/static/chunks/a0ff2_next_dist_f319b616._.js:2297
[  274007ms] [LOG] [HMR] connected @ http://localhost:3000/_next/static/chunks/a0ff2_next_dist_f319b616._.js:2297
[  274123ms] [LOG] [Fast Refresh] rebuilding @ http://localhost:3000/_next/static/chunks/a0ff2_next_dist_f319b616._.js:2297
[  274187ms] [LOG] [Fast Refresh] done in 167ms @ http://localhost:3000/_next/static/chunks/a0ff2_next_dist_f319b616._.js:2297
[  311208ms] [LOG] [Fast Refresh] rebuilding @ http://localhost:3000/_next/static/chunks/a0ff2_next_dist_f319b616._.js:2297
[  311241ms] [LOG] [Fast Refresh] done in 134ms @ http://localhost:3000/_next/static/chunks/a0ff2_next_dist_f319b616._.js:2297
[  671087ms] [LOG] [Fast Refresh] rebuilding @ http://localhost:3000/_next/static/chunks/a0ff2_next_dist_f319b616._.js:2297
[  671094ms] [LOG] [Fast Refresh] done in 109ms @ http://localhost:3000/_next/static/chunks/a0ff2_next_dist_f319b616._.js:2297
[  717649ms] [LOG] [Fast Refresh] rebuilding @ http://localhost:3000/_next/static/chunks/a0ff2_next_dist_f319b616._.js:2297
[  717750ms] [LOG] [Fast Refresh] done in 202ms @ http://localhost:3000/_next/static/chunks/a0ff2_next_dist_f319b616._.js:2297
[  718272ms] [LOG] [Fast Refresh] rebuilding @ http://localhost:3000/_next/static/chunks/a0ff2_next_dist_f319b616._.js:2297
[  718342ms] [LOG] [Fast Refresh] done in 171ms @ http://localhost:3000/_next/static/chunks/a0ff2_next_dist_f319b616._.js:2297
[  720405ms] [LOG] [Fast Refresh] rebuilding @ http://localhost:3000/_next/static/chunks/a0ff2_next_dist_f319b616._.js:2297
[  720554ms] [LOG] [Fast Refresh] done in 250ms @ http://localhost:3000/_next/static/chunks/a0ff2_next_dist_f319b616._.js:2297
