[     335ms] [INFO] %cDownload the React DevTools for a better development experience: https://react.dev/link/react-devtools font-weight:bold @ http://localhost:3000/_next/static/chunks/a0ff2_next_dist_f319b616._.js:2297
[     405ms] [LOG] [HMR] connected @ http://localhost:3000/_next/static/chunks/a0ff2_next_dist_f319b616._.js:2297
[   45623ms] [ERROR] WebSocket connection to 'ws://localhost:3000/_next/webpack-hmr?id=c5wVgrmGMJmx4uSEr-Yg_' failed: Error in connection establishment: net::ERR_CONNECTION_REFUSED @ http://localhost:3000/_next/static/chunks/a0ff2_next_dist_client_e9a609b4._.js:10878
[   46625ms] [ERROR] WebSocket connection to 'ws://localhost:3000/_next/webpack-hmr?id=c5wVgrmGMJmx4uSEr-Yg_' failed: Error in connection establishment: net::ERR_CONNECTION_REFUSED @ http://localhost:3000/_next/static/chunks/a0ff2_next_dist_client_e9a609b4._.js:10878
[   47627ms] [ERROR] WebSocket connection to 'ws://localhost:3000/_next/webpack-hmr?id=c5wVgrmGMJmx4uSEr-Yg_' failed: Error in connection establishment: net::ERR_CONNECTION_REFUSED @ http://localhost:3000/_next/static/chunks/a0ff2_next_dist_client_e9a609b4._.js:10878
[   48629ms] [ERROR] WebSocket connection to 'ws://localhost:3000/_next/webpack-hmr?id=c5wVgrmGMJmx4uSEr-Yg_' failed: Error in connection establishment: net::ERR_CONNECTION_REFUSED @ http://localhost:3000/_next/static/chunks/a0ff2_next_dist_client_e9a609b4._.js:10878
[   49631ms] [ERROR] WebSocket connection to 'ws://localhost:3000/_next/webpack-hmr?id=c5wVgrmGMJmx4uSEr-Yg_' failed: Error in connection establishment: net::ERR_CONNECTION_REFUSED @ http://localhost:3000/_next/static/chunks/a0ff2_next_dist_client_e9a609b4._.js:10878
[   54634ms] [ERROR] WebSocket connection to 'ws://localhost:3000/_next/webpack-hmr?id=c5wVgrmGMJmx4uSEr-Yg_' failed: Error in connection establishment: net::ERR_CONNECTION_REFUSED @ http://localhost:3000/_next/static/chunks/a0ff2_next_dist_client_e9a609b4._.js:10878
[   59636ms] [ERROR] WebSocket connection to 'ws://localhost:3000/_next/webpack-hmr?id=c5wVgrmGMJmx4uSEr-Yg_' failed: Error in connection establishment: net::ERR_CONNECTION_REFUSED @ http://localhost:3000/_next/static/chunks/a0ff2_next_dist_client_e9a609b4._.js:10878
[   64641ms] [LOG] [HMR] connected @ http://localhost:3000/_next/static/chunks/a0ff2_next_dist_f319b616._.js:2297
[   65751ms] [ERROR] Failed to load resource: the server responded with a status of 404 (Not Found) @ http://localhost:3000/en:0
[   65871ms] [INFO] %cDownload the React DevTools for a better development experience: https://react.dev/link/react-devtools font-weight:bold @ http://localhost:3000/_next/static/chunks/5dbe0_next_dist_0e79b990._.js:2297
[   65929ms] [LOG] [HMR] connected @ http://localhost:3000/_next/static/chunks/5dbe0_next_dist_0e79b990._.js:2297
[   92408ms] [ERROR] WebSocket connection to 'ws://localhost:3000/_next/webpack-hmr?id=ZYDBT5-T_H3DWJqya1yix' failed: Error in connection establishment: net::ERR_CONNECTION_REFUSED @ http://localhost:3000/_next/static/chunks/5dbe0_next_dist_client_a40a8acf._.js:10878
[   93410ms] [ERROR] WebSocket connection to 'ws://localhost:3000/_next/webpack-hmr?id=ZYDBT5-T_H3DWJqya1yix' failed: Error in connection establishment: net::ERR_CONNECTION_REFUSED @ http://localhost:3000/_next/static/chunks/5dbe0_next_dist_client_a40a8acf._.js:10878
[   94412ms] [ERROR] WebSocket connection to 'ws://localhost:3000/_next/webpack-hmr?id=ZYDBT5-T_H3DWJqya1yix' failed: Error in connection establishment: net::ERR_CONNECTION_REFUSED @ http://localhost:3000/_next/static/chunks/5dbe0_next_dist_client_a40a8acf._.js:10878
[   95414ms] [ERROR] WebSocket connection to 'ws://localhost:3000/_next/webpack-hmr?id=ZYDBT5-T_H3DWJqya1yix' failed: Error in connection establishment: net::ERR_CONNECTION_REFUSED @ http://localhost:3000/_next/static/chunks/5dbe0_next_dist_client_a40a8acf._.js:10878
[   96417ms] [ERROR] WebSocket connection to 'ws://localhost:3000/_next/webpack-hmr?id=ZYDBT5-T_H3DWJqya1yix' failed: Error in connection establishment: net::ERR_CONNECTION_REFUSED @ http://localhost:3000/_next/static/chunks/5dbe0_next_dist_client_a40a8acf._.js:10878
[  101420ms] [ERROR] WebSocket connection to 'ws://localhost:3000/_next/webpack-hmr?id=ZYDBT5-T_H3DWJqya1yix' failed: Error in connection establishment: net::ERR_CONNECTION_REFUSED @ http://localhost:3000/_next/static/chunks/5dbe0_next_dist_client_a40a8acf._.js:10878
[  106424ms] [ERROR] WebSocket connection to 'ws://localhost:3000/_next/webpack-hmr?id=ZYDBT5-T_H3DWJqya1yix' failed: Error in connection establishment: net::ERR_CONNECTION_REFUSED @ http://localhost:3000/_next/static/chunks/5dbe0_next_dist_client_a40a8acf._.js:10878
[  111430ms] [ERROR] WebSocket connection to 'ws://localhost:3000/_next/webpack-hmr?id=ZYDBT5-T_H3DWJqya1yix' failed: Error in connection establishment: net::ERR_CONNECTION_REFUSED @ http://localhost:3000/_next/static/chunks/5dbe0_next_dist_client_a40a8acf._.js:10878
[  116440ms] [ERROR] WebSocket connection to 'ws://localhost:3000/_next/webpack-hmr?id=ZYDBT5-T_H3DWJqya1yix' failed: Error in connection establishment: net::ERR_CONNECTION_REFUSED @ http://localhost:3000/_next/static/chunks/5dbe0_next_dist_client_a40a8acf._.js:10878
[  121449ms] [ERROR] WebSocket connection to 'ws://localhost:3000/_next/webpack-hmr?id=ZYDBT5-T_H3DWJqya1yix' failed: Error in connection establishment: net::ERR_CONNECTION_REFUSED @ http://localhost:3000/_next/static/chunks/5dbe0_next_dist_client_a40a8acf._.js:10878
[  126455ms] [ERROR] WebSocket connection to 'ws://localhost:3000/_next/webpack-hmr?id=ZYDBT5-T_H3DWJqya1yix' failed: Error in connection establishment: net::ERR_CONNECTION_REFUSED @ http://localhost:3000/_next/static/chunks/5dbe0_next_dist_client_a40a8acf._.js:10878
[  131463ms] [ERROR] WebSocket connection to 'ws://localhost:3000/_next/webpack-hmr?id=ZYDBT5-T_H3DWJqya1yix' failed: Error in connection establishment: net::ERR_CONNECTION_REFUSED @ http://localhost:3000/_next/static/chunks/5dbe0_next_dist_client_a40a8acf._.js:10878
[  135328ms] [ERROR] Failed to load resource: the server responded with a status of 404 (Not Found) @ http://localhost:3000/en:0
[  135905ms] [INFO] %cDownload the React DevTools for a better development experience: https://react.dev/link/react-devtools font-weight:bold @ http://localhost:3000/_next/static/chunks/5dbe0_next_dist_0e79b990._.js:2297
[  135960ms] [LOG] [HMR] connected @ http://localhost:3000/_next/static/chunks/5dbe0_next_dist_0e79b990._.js:2297
[  146576ms] [LOG] [Fast Refresh] rebuilding @ http://localhost:3000/_next/static/chunks/5dbe0_next_dist_0e79b990._.js:2297
[  146825ms] [LOG] [Fast Refresh] done in 350ms @ http://localhost:3000/_next/static/chunks/5dbe0_next_dist_0e79b990._.js:2297
